2025-06-02 09:11:56,905 - INFO - --- 社名変更情報チェッカーを開始します ---
2025-06-02 09:11:56,905 - INFO - 入力ファイル: input.csv
2025-06-02 09:11:56,905 - INFO - 出力ファイル: output.csv
2025-06-02 09:11:56,905 - INFO - キャッシュファイル: bing_cache_playwright.json
2025-06-02 09:11:56,968 - INFO - 入力された会社名総数: 15社
2025-06-02 09:12:18,735 - INFO - [SEARCH] 株式会社エス・イー・シー・ハイテック
2025-06-02 09:12:18,795 - INFO - [SEARCH] 株式会社三井E&S DU
2025-06-02 09:12:18,814 - INFO - [SEARCH] 株式会社マーブル
2025-06-02 09:12:18,824 - INFO - [SEARCH] 平田機工株式会社
2025-06-02 09:12:18,836 - INFO - [SEARCH] 日本金銭機械株式会社
2025-06-02 09:12:18,846 - INFO - [SEARCH] 株式会社エリジオン
2025-06-02 09:12:18,859 - INFO - [SEARCH] 新明和工業株式会社
2025-06-02 09:12:18,879 - INFO - [SEARCH] 株式会社早川金属工業研究所 
2025-06-02 09:12:18,904 - INFO - [SEARCH] 松下電器産業株式会社 
2025-06-02 09:12:18,913 - INFO - [SEARCH] 株式会社ネクスト
2025-06-02 09:12:18,931 - INFO - [SEARCH] 株式会社Sky
2025-06-02 09:12:18,958 - INFO - [SKIP - DUPLICATE] 新明和工業株式会社
2025-06-02 09:12:18,959 - INFO - [SKIP - DUPLICATE] 株式会社早川金属工業研究所 
2025-06-02 09:12:18,959 - INFO - [SEARCH] 株式会社ダイテック
2025-06-02 09:12:18,968 - INFO - [SEARCH] 株式会社ダイコーテクノ
2025-06-02 09:12:38,355 - WARNING - [新明和工業株式会社] Detected strong keywords but failed to extract info. Snippet: 2017年11月30日 · 商 号 変 更 に 関 す る お 知 ら せ商 号 変 更 に 関 す る お 知 ら せせせ 東京エンジニアリングシステムズ株式会社 代表取締役社長 佐 野 博 一 謹...
2025-06-02 09:12:39,307 - WARNING - [株式会社マーブル] Detected strong keywords but failed to extract info. Snippet: 2024 年12 月16 日 関係各位 コムシス株式会社 代表取締役社長 行武 剛 株式会社マーブルとコムシス株式会社の合併について 株式会社マーブルとコムシス株式会社は、下記の通り合併す …...
2025-06-02 09:12:40,472 - WARNING - [株式会社エリジオン] No search results selector found within timeout or page not loaded.
2025-06-02 09:12:40,500 - WARNING - [平田機工株式会社] No search results selector found within timeout or page not loaded.
2025-06-02 09:12:40,542 - WARNING - [株式会社ダイテック] No search results selector found within timeout or page not loaded.
2025-06-02 09:12:40,816 - WARNING - [株式会社Sky] No search results selector found within timeout or page not loaded.
2025-06-02 09:12:40,919 - WARNING - [松下電器産業株式会社 ] No search results selector found within timeout or page not loaded.
2025-06-02 09:12:41,066 - WARNING - [日本金銭機械株式会社] No search results selector found within timeout or page not loaded.
2025-06-02 09:12:41,105 - WARNING - [株式会社三井E&S DU] No search results selector found within timeout or page not loaded.
2025-06-02 09:12:41,170 - WARNING - [株式会社エス・イー・シー・ハイテック] No search results selector found within timeout or page not loaded.
2025-06-02 09:12:41,241 - WARNING - [株式会社ダイコーテクノ] No search results selector found within timeout or page not loaded.
2025-06-02 09:12:41,338 - WARNING - [株式会社早川金属工業研究所 ] No search results selector found within timeout or page not loaded.
2025-06-02 09:12:45,609 - INFO - ✅ 全ての処理が完了し、結果が 'output.xlsx' に保存されました。
2025-06-02 09:12:45,610 - INFO - --- 社名変更情報チェッカーを終了します ---
